<?xml version="1.0" encoding="UTF-8"?>
<testng-results ignored="0" total="1" passed="1" failed="0" skipped="0">
  <reporter-output>
  </reporter-output>
  <suite started-at="2022-05-07T10:12:24 IST" name="Default suite" finished-at="2022-05-07T10:13:16 IST" duration-ms="51372">
    <groups>
    </groups>
    <test started-at="2022-05-07T10:12:24 IST" name="Default test" finished-at="2022-05-07T10:13:16 IST" duration-ms="51372">
      <class name="com.webshop.qa.TestCases.LoginTest">
        <test-method signature="logintest()[pri:0, instance:com.webshop.qa.TestCases.LoginTest@36916eb0]" started-at="2022-05-07T10:12:24 IST" name="logintest" finished-at="2022-05-07T10:13:15 IST" duration-ms="50410" status="PASS">
          <reporter-output>
          </reporter-output>
        </test-method> <!-- logintest -->
        <test-method is-config="true" signature="teardown()[pri:0, instance:com.webshop.qa.TestCases.LoginTest@36916eb0]" started-at="2022-05-07T10:13:15 IST" name="teardown" finished-at="2022-05-07T10:13:16 IST" duration-ms="878" status="PASS">
          <reporter-output>
          </reporter-output>
        </test-method> <!-- teardown -->
      </class> <!-- com.webshop.qa.TestCases.LoginTest -->
    </test> <!-- Default test -->
  </suite> <!-- Default suite -->
</testng-results>
